{"/Users/danielcobb/Desktop/webdev/node/URL-Shortener/src/modules/debug.js":{"path":"/Users/danielcobb/Desktop/webdev/node/URL-Shortener/src/modules/debug.js","s":{"1":1,"2":1,"3":34,"4":34,"5":1,"6":23,"7":23,"8":23,"9":23,"10":23,"11":28,"12":1,"13":1,"14":1,"15":1,"16":37,"17":37,"18":37,"19":37,"20":37,"21":37,"22":37,"23":37,"24":37,"25":37,"26":37,"27":37,"28":37,"29":37,"30":1,"31":1,"32":23,"33":23,"34":23,"35":23,"36":23,"37":23,"38":23,"39":23,"40":23,"41":23,"42":23,"43":23,"44":0,"45":23,"46":23,"47":0,"48":0,"49":0,"50":23,"51":23,"52":23,"53":18,"54":23,"55":0,"56":23,"57":9,"58":23,"59":23,"60":23,"61":23,"62":23,"63":19,"64":0,"65":19,"66":19,"67":14,"68":14,"69":3,"70":14,"71":14,"72":14,"73":14,"74":14,"75":14,"76":14,"77":0,"78":14,"79":14,"80":14,"81":13,"82":0},"b":{"1":[37,0],"2":[1,0],"3":[23,0],"4":[0,23],"5":[23,18,0],"6":[23,0],"7":[0,0],"8":[18,5],"9":[23,18],"10":[0,23],"11":[9,14],"12":[0,19],"13":[19,0],"14":[3,11],"15":[14,0],"16":[14,14],"17":[0,14],"18":[14,0],"19":[14,14],"20":[0,13]},"f":{"1":34,"2":23,"3":28,"4":37,"5":37,"6":1,"7":23,"8":14,"9":14},"fnMap":{"1":{"name":"(anonymous_1)","line":15,"loc":{"start":{"line":15,"column":5},"end":{"line":15,"column":12}}},"2":{"name":"(anonymous_2)","line":27,"loc":{"start":{"line":27,"column":13},"end":{"line":27,"column":20}}},"3":{"name":"(anonymous_3)","line":40,"loc":{"start":{"line":40,"column":13},"end":{"line":40,"column":20}}},"4":{"name":"(anonymous_4)","line":52,"loc":{"start":{"line":52,"column":9},"end":{"line":52,"column":12}}},"5":{"name":"(anonymous_5)","line":65,"loc":{"start":{"line":65,"column":9},"end":{"line":65,"column":12}}},"6":{"name":"(anonymous_6)","line":83,"loc":{"start":{"line":83,"column":11},"end":{"line":83,"column":14}}},"7":{"name":"(anonymous_7)","line":90,"loc":{"start":{"line":90,"column":7},"end":{"line":90,"column":16}}},"8":{"name":"(anonymous_8)","line":154,"loc":{"start":{"line":154,"column":5},"end":{"line":154,"column":19}}},"9":{"name":"(anonymous_9)","line":168,"loc":{"start":{"line":168,"column":9},"end":{"line":168,"column":23}}}},"statementMap":{"1":{"start":{"line":9,"column":0},"end":{"line":9,"column":25}},"2":{"start":{"line":10,"column":0},"end":{"line":10,"column":27}},"3":{"start":{"line":17,"column":4},"end":{"line":17,"column":21}},"4":{"start":{"line":19,"column":4},"end":{"line":19,"column":43}},"5":{"start":{"line":23,"column":0},"end":{"line":23,"column":23}},"6":{"start":{"line":29,"column":4},"end":{"line":29,"column":26}},"7":{"start":{"line":30,"column":4},"end":{"line":30,"column":28}},"8":{"start":{"line":31,"column":4},"end":{"line":31,"column":24}},"9":{"start":{"line":32,"column":4},"end":{"line":32,"column":34}},"10":{"start":{"line":33,"column":4},"end":{"line":33,"column":32}},"11":{"start":{"line":42,"column":4},"end":{"line":42,"column":20}},"12":{"start":{"line":46,"column":0},"end":{"line":46,"column":47}},"13":{"start":{"line":47,"column":0},"end":{"line":47,"column":32}},"14":{"start":{"line":48,"column":0},"end":{"line":48,"column":42}},"15":{"start":{"line":50,"column":0},"end":{"line":187,"column":2}},"16":{"start":{"line":54,"column":4},"end":{"line":54,"column":31}},"17":{"start":{"line":56,"column":4},"end":{"line":56,"column":41}},"18":{"start":{"line":57,"column":4},"end":{"line":57,"column":34}},"19":{"start":{"line":58,"column":4},"end":{"line":58,"column":39}},"20":{"start":{"line":60,"column":4},"end":{"line":60,"column":48}},"21":{"start":{"line":62,"column":4},"end":{"line":62,"column":16}},"22":{"start":{"line":67,"column":4},"end":{"line":67,"column":31}},"23":{"start":{"line":69,"column":4},"end":{"line":69,"column":33}},"24":{"start":{"line":70,"column":4},"end":{"line":70,"column":33}},"25":{"start":{"line":72,"column":4},"end":{"line":74,"column":5}},"26":{"start":{"line":73,"column":6},"end":{"line":73,"column":21}},"27":{"start":{"line":76,"column":4},"end":{"line":76,"column":35}},"28":{"start":{"line":78,"column":4},"end":{"line":78,"column":39}},"29":{"start":{"line":80,"column":4},"end":{"line":80,"column":16}},"30":{"start":{"line":85,"column":4},"end":{"line":87,"column":5}},"31":{"start":{"line":86,"column":6},"end":{"line":86,"column":134}},"32":{"start":{"line":91,"column":4},"end":{"line":91,"column":39}},"33":{"start":{"line":92,"column":4},"end":{"line":92,"column":32}},"34":{"start":{"line":93,"column":4},"end":{"line":93,"column":32}},"35":{"start":{"line":95,"column":4},"end":{"line":150,"column":5}},"36":{"start":{"line":97,"column":6},"end":{"line":97,"column":23}},"37":{"start":{"line":98,"column":6},"end":{"line":98,"column":22}},"38":{"start":{"line":100,"column":6},"end":{"line":100,"column":35}},"39":{"start":{"line":101,"column":6},"end":{"line":101,"column":38}},"40":{"start":{"line":102,"column":6},"end":{"line":102,"column":36}},"41":{"start":{"line":103,"column":6},"end":{"line":103,"column":38}},"42":{"start":{"line":105,"column":6},"end":{"line":105,"column":69}},"43":{"start":{"line":107,"column":6},"end":{"line":110,"column":7}},"44":{"start":{"line":109,"column":8},"end":{"line":109,"column":54}},"45":{"start":{"line":112,"column":6},"end":{"line":120,"column":7}},"46":{"start":{"line":113,"column":8},"end":{"line":113,"column":67}},"47":{"start":{"line":114,"column":13},"end":{"line":120,"column":7}},"48":{"start":{"line":116,"column":8},"end":{"line":116,"column":65}},"49":{"start":{"line":119,"column":8},"end":{"line":119,"column":67}},"50":{"start":{"line":122,"column":6},"end":{"line":122,"column":108}},"51":{"start":{"line":124,"column":6},"end":{"line":124,"column":128}},"52":{"start":{"line":126,"column":6},"end":{"line":128,"column":7}},"53":{"start":{"line":127,"column":8},"end":{"line":127,"column":122}},"54":{"start":{"line":130,"column":6},"end":{"line":132,"column":7}},"55":{"start":{"line":131,"column":8},"end":{"line":131,"column":55}},"56":{"start":{"line":134,"column":6},"end":{"line":136,"column":7}},"57":{"start":{"line":135,"column":8},"end":{"line":135,"column":123}},"58":{"start":{"line":138,"column":6},"end":{"line":138,"column":24}},"59":{"start":{"line":139,"column":6},"end":{"line":139,"column":23}},"60":{"start":{"line":140,"column":6},"end":{"line":140,"column":25}},"61":{"start":{"line":141,"column":6},"end":{"line":141,"column":24}},"62":{"start":{"line":144,"column":6},"end":{"line":149,"column":9}},"63":{"start":{"line":145,"column":8},"end":{"line":145,"column":27}},"64":{"start":{"line":145,"column":17},"end":{"line":145,"column":27}},"65":{"start":{"line":146,"column":8},"end":{"line":148,"column":9}},"66":{"start":{"line":147,"column":10},"end":{"line":147,"column":27}},"67":{"start":{"line":156,"column":4},"end":{"line":156,"column":36}},"68":{"start":{"line":158,"column":4},"end":{"line":161,"column":5}},"69":{"start":{"line":160,"column":6},"end":{"line":160,"column":40}},"70":{"start":{"line":162,"column":4},"end":{"line":164,"column":5}},"71":{"start":{"line":163,"column":6},"end":{"line":163,"column":73}},"72":{"start":{"line":165,"column":4},"end":{"line":165,"column":37}},"73":{"start":{"line":169,"column":4},"end":{"line":169,"column":36}},"74":{"start":{"line":171,"column":4},"end":{"line":171,"column":32}},"75":{"start":{"line":172,"column":4},"end":{"line":172,"column":32}},"76":{"start":{"line":174,"column":4},"end":{"line":176,"column":5}},"77":{"start":{"line":175,"column":6},"end":{"line":175,"column":40}},"78":{"start":{"line":178,"column":4},"end":{"line":185,"column":5}},"79":{"start":{"line":180,"column":6},"end":{"line":180,"column":84}},"80":{"start":{"line":182,"column":6},"end":{"line":184,"column":9}},"81":{"start":{"line":183,"column":8},"end":{"line":183,"column":27}},"82":{"start":{"line":183,"column":17},"end":{"line":183,"column":27}}},"branchMap":{"1":{"line":72,"type":"if","locations":[{"start":{"line":72,"column":4},"end":{"line":72,"column":4}},{"start":{"line":72,"column":4},"end":{"line":72,"column":4}}]},"2":{"line":85,"type":"if","locations":[{"start":{"line":85,"column":4},"end":{"line":85,"column":4}},{"start":{"line":85,"column":4},"end":{"line":85,"column":4}}]},"3":{"line":95,"type":"if","locations":[{"start":{"line":95,"column":4},"end":{"line":95,"column":4}},{"start":{"line":95,"column":4},"end":{"line":95,"column":4}}]},"4":{"line":107,"type":"if","locations":[{"start":{"line":107,"column":6},"end":{"line":107,"column":6}},{"start":{"line":107,"column":6},"end":{"line":107,"column":6}}]},"5":{"line":107,"type":"binary-expr","locations":[{"start":{"line":107,"column":10},"end":{"line":107,"column":21}},{"start":{"line":107,"column":25},"end":{"line":107,"column":42}},{"start":{"line":107,"column":46},"end":{"line":107,"column":67}}]},"6":{"line":112,"type":"if","locations":[{"start":{"line":112,"column":6},"end":{"line":112,"column":6}},{"start":{"line":112,"column":6},"end":{"line":112,"column":6}}]},"7":{"line":114,"type":"if","locations":[{"start":{"line":114,"column":13},"end":{"line":114,"column":13}},{"start":{"line":114,"column":13},"end":{"line":114,"column":13}}]},"8":{"line":126,"type":"if","locations":[{"start":{"line":126,"column":6},"end":{"line":126,"column":6}},{"start":{"line":126,"column":6},"end":{"line":126,"column":6}}]},"9":{"line":126,"type":"binary-expr","locations":[{"start":{"line":126,"column":10},"end":{"line":126,"column":21}},{"start":{"line":126,"column":25},"end":{"line":126,"column":46}}]},"10":{"line":130,"type":"if","locations":[{"start":{"line":130,"column":6},"end":{"line":130,"column":6}},{"start":{"line":130,"column":6},"end":{"line":130,"column":6}}]},"11":{"line":134,"type":"if","locations":[{"start":{"line":134,"column":6},"end":{"line":134,"column":6}},{"start":{"line":134,"column":6},"end":{"line":134,"column":6}}]},"12":{"line":145,"type":"if","locations":[{"start":{"line":145,"column":8},"end":{"line":145,"column":8}},{"start":{"line":145,"column":8},"end":{"line":145,"column":8}}]},"13":{"line":146,"type":"if","locations":[{"start":{"line":146,"column":8},"end":{"line":146,"column":8}},{"start":{"line":146,"column":8},"end":{"line":146,"column":8}}]},"14":{"line":158,"type":"if","locations":[{"start":{"line":158,"column":4},"end":{"line":158,"column":4}},{"start":{"line":158,"column":4},"end":{"line":158,"column":4}}]},"15":{"line":162,"type":"if","locations":[{"start":{"line":162,"column":4},"end":{"line":162,"column":4}},{"start":{"line":162,"column":4},"end":{"line":162,"column":4}}]},"16":{"line":162,"type":"binary-expr","locations":[{"start":{"line":162,"column":8},"end":{"line":162,"column":24}},{"start":{"line":162,"column":28},"end":{"line":162,"column":51}}]},"17":{"line":174,"type":"if","locations":[{"start":{"line":174,"column":4},"end":{"line":174,"column":4}},{"start":{"line":174,"column":4},"end":{"line":174,"column":4}}]},"18":{"line":178,"type":"if","locations":[{"start":{"line":178,"column":4},"end":{"line":178,"column":4}},{"start":{"line":178,"column":4},"end":{"line":178,"column":4}}]},"19":{"line":178,"type":"binary-expr","locations":[{"start":{"line":178,"column":8},"end":{"line":178,"column":24}},{"start":{"line":178,"column":28},"end":{"line":178,"column":46}}]},"20":{"line":183,"type":"if","locations":[{"start":{"line":183,"column":8},"end":{"line":183,"column":8}},{"start":{"line":183,"column":8},"end":{"line":183,"column":8}}]}}},"/Users/danielcobb/Desktop/webdev/node/URL-Shortener/src/models/db.js":{"path":"/Users/danielcobb/Desktop/webdev/node/URL-Shortener/src/models/db.js","s":{"1":1,"2":1,"3":1,"4":1,"5":1,"6":1,"7":1,"8":1,"9":1},"b":{},"f":{},"fnMap":{},"statementMap":{"1":{"start":{"line":10,"column":0},"end":{"line":10,"column":39}},"2":{"start":{"line":12,"column":0},"end":{"line":12,"column":27}},"3":{"start":{"line":14,"column":0},"end":{"line":25,"column":3}},"4":{"start":{"line":28,"column":0},"end":{"line":49,"column":3}},"5":{"start":{"line":51,"column":0},"end":{"line":70,"column":3}},"6":{"start":{"line":74,"column":0},"end":{"line":74,"column":17}},"7":{"start":{"line":77,"column":0},"end":{"line":77,"column":30}},"8":{"start":{"line":78,"column":0},"end":{"line":78,"column":24}},"9":{"start":{"line":79,"column":0},"end":{"line":79,"column":20}}},"branchMap":{}},"/Users/danielcobb/Desktop/webdev/node/URL-Shortener/src/server.js":{"path":"/Users/danielcobb/Desktop/webdev/node/URL-Shortener/src/server.js","s":{"1":1,"2":1,"3":1,"4":1,"5":1,"6":1,"7":1,"8":1,"9":1,"10":1,"11":1,"12":1,"13":1,"14":1},"b":{},"f":{},"fnMap":{},"statementMap":{"1":{"start":{"line":10,"column":0},"end":{"line":10,"column":42}},"2":{"start":{"line":12,"column":0},"end":{"line":12,"column":16}},"3":{"start":{"line":13,"column":0},"end":{"line":13,"column":35}},"4":{"start":{"line":14,"column":0},"end":{"line":14,"column":42}},"5":{"start":{"line":16,"column":0},"end":{"line":16,"column":22}},"6":{"start":{"line":19,"column":0},"end":{"line":19,"column":27}},"7":{"start":{"line":20,"column":0},"end":{"line":22,"column":4}},"8":{"start":{"line":25,"column":0},"end":{"line":25,"column":62}},"9":{"start":{"line":27,"column":0},"end":{"line":27,"column":57}},"10":{"start":{"line":29,"column":0},"end":{"line":29,"column":56}},"11":{"start":{"line":32,"column":0},"end":{"line":40,"column":3}},"12":{"start":{"line":33,"column":2},"end":{"line":37,"column":5}},"13":{"start":{"line":38,"column":2},"end":{"line":38,"column":41}},"14":{"start":{"line":39,"column":2},"end":{"line":39,"column":48}}},"branchMap":{}},"/Users/danielcobb/Desktop/webdev/node/URL-Shortener/src/routes/app.js":{"path":"/Users/danielcobb/Desktop/webdev/node/URL-Shortener/src/routes/app.js","s":{"1":1,"2":1,"3":1,"4":3,"5":1,"6":1,"7":1,"8":1,"9":1,"10":1,"11":1,"12":0,"13":0,"14":0,"15":1,"16":1,"17":1,"18":1,"19":1,"20":0,"21":0,"22":0,"23":1,"24":1,"25":1,"26":1,"27":1,"28":0,"29":0,"30":1,"31":1,"32":1,"33":1,"34":1,"35":0,"36":0,"37":0,"38":1,"39":1,"40":1,"41":1,"42":1,"43":1,"44":0,"45":0,"46":0,"47":1,"48":1,"49":1,"50":0,"51":0,"52":1,"53":1,"54":1,"55":1,"56":1,"57":1,"58":1,"59":1,"60":1,"61":1,"62":1,"63":1,"64":1,"65":1,"66":1,"67":0,"68":0,"69":0,"70":1},"b":{},"f":{"1":3,"2":1},"fnMap":{"1":{"name":"(anonymous_1)","line":16,"loc":{"start":{"line":16,"column":15},"end":{"line":16,"column":22}}},"2":{"name":"(anonymous_2)","line":21,"loc":{"start":{"line":21,"column":15},"end":{"line":21,"column":26}}}},"statementMap":{"1":{"start":{"line":10,"column":0},"end":{"line":10,"column":49}},"2":{"start":{"line":12,"column":0},"end":{"line":12,"column":40}},"3":{"start":{"line":14,"column":0},"end":{"line":266,"column":2}},"4":{"start":{"line":17,"column":6},"end":{"line":17,"column":21}},"5":{"start":{"line":22,"column":6},"end":{"line":22,"column":19}},"6":{"start":{"line":23,"column":6},"end":{"line":23,"column":23}},"7":{"start":{"line":27,"column":2},"end":{"line":27,"column":34}},"8":{"start":{"line":30,"column":2},"end":{"line":56,"column":5}},"9":{"start":{"line":32,"column":4},"end":{"line":55,"column":7}},"10":{"start":{"line":34,"column":6},"end":{"line":34,"column":33}},"11":{"start":{"line":35,"column":6},"end":{"line":42,"column":9}},"12":{"start":{"line":44,"column":6},"end":{"line":44,"column":32}},"13":{"start":{"line":45,"column":6},"end":{"line":45,"column":28}},"14":{"start":{"line":46,"column":6},"end":{"line":54,"column":9}},"15":{"start":{"line":58,"column":2},"end":{"line":88,"column":5}},"16":{"start":{"line":59,"column":4},"end":{"line":59,"column":45}},"17":{"start":{"line":61,"column":4},"end":{"line":87,"column":7}},"18":{"start":{"line":63,"column":6},"end":{"line":63,"column":33}},"19":{"start":{"line":64,"column":6},"end":{"line":74,"column":9}},"20":{"start":{"line":76,"column":6},"end":{"line":76,"column":32}},"21":{"start":{"line":77,"column":6},"end":{"line":77,"column":28}},"22":{"start":{"line":78,"column":6},"end":{"line":86,"column":9}},"23":{"start":{"line":90,"column":2},"end":{"line":119,"column":5}},"24":{"start":{"line":91,"column":4},"end":{"line":91,"column":45}},"25":{"start":{"line":93,"column":4},"end":{"line":118,"column":7}},"26":{"start":{"line":95,"column":6},"end":{"line":95,"column":33}},"27":{"start":{"line":96,"column":6},"end":{"line":106,"column":9}},"28":{"start":{"line":108,"column":6},"end":{"line":108,"column":32}},"29":{"start":{"line":109,"column":6},"end":{"line":117,"column":9}},"30":{"start":{"line":120,"column":2},"end":{"line":150,"column":5}},"31":{"start":{"line":121,"column":4},"end":{"line":121,"column":45}},"32":{"start":{"line":123,"column":4},"end":{"line":149,"column":7}},"33":{"start":{"line":125,"column":6},"end":{"line":125,"column":33}},"34":{"start":{"line":126,"column":6},"end":{"line":136,"column":9}},"35":{"start":{"line":138,"column":6},"end":{"line":138,"column":32}},"36":{"start":{"line":139,"column":6},"end":{"line":139,"column":28}},"37":{"start":{"line":140,"column":6},"end":{"line":148,"column":9}},"38":{"start":{"line":152,"column":2},"end":{"line":183,"column":5}},"39":{"start":{"line":154,"column":4},"end":{"line":154,"column":32}},"40":{"start":{"line":156,"column":4},"end":{"line":182,"column":7}},"41":{"start":{"line":157,"column":6},"end":{"line":157,"column":33}},"42":{"start":{"line":158,"column":6},"end":{"line":158,"column":28}},"43":{"start":{"line":159,"column":6},"end":{"line":169,"column":9}},"44":{"start":{"line":171,"column":6},"end":{"line":171,"column":32}},"45":{"start":{"line":172,"column":6},"end":{"line":172,"column":28}},"46":{"start":{"line":173,"column":6},"end":{"line":181,"column":9}},"47":{"start":{"line":186,"column":2},"end":{"line":216,"column":5}},"48":{"start":{"line":188,"column":4},"end":{"line":188,"column":59}},"49":{"start":{"line":190,"column":4},"end":{"line":215,"column":7}},"50":{"start":{"line":191,"column":6},"end":{"line":191,"column":32}},"51":{"start":{"line":192,"column":6},"end":{"line":200,"column":9}},"52":{"start":{"line":202,"column":6},"end":{"line":202,"column":33}},"53":{"start":{"line":203,"column":6},"end":{"line":203,"column":28}},"54":{"start":{"line":204,"column":6},"end":{"line":214,"column":9}},"55":{"start":{"line":218,"column":2},"end":{"line":263,"column":5}},"56":{"start":{"line":220,"column":4},"end":{"line":220,"column":32}},"57":{"start":{"line":221,"column":4},"end":{"line":221,"column":31}},"58":{"start":{"line":222,"column":4},"end":{"line":222,"column":28}},"59":{"start":{"line":224,"column":4},"end":{"line":224,"column":37}},"60":{"start":{"line":226,"column":4},"end":{"line":226,"column":67}},"61":{"start":{"line":228,"column":4},"end":{"line":228,"column":47}},"62":{"start":{"line":230,"column":4},"end":{"line":234,"column":6}},"63":{"start":{"line":236,"column":4},"end":{"line":262,"column":7}},"64":{"start":{"line":237,"column":6},"end":{"line":237,"column":33}},"65":{"start":{"line":238,"column":6},"end":{"line":238,"column":28}},"66":{"start":{"line":239,"column":6},"end":{"line":249,"column":9}},"67":{"start":{"line":251,"column":6},"end":{"line":251,"column":32}},"68":{"start":{"line":252,"column":6},"end":{"line":252,"column":28}},"69":{"start":{"line":253,"column":6},"end":{"line":261,"column":9}},"70":{"start":{"line":265,"column":2},"end":{"line":265,"column":16}}},"branchMap":{}},"/Users/danielcobb/Desktop/webdev/node/URL-Shortener/src/modules/shortener.js":{"path":"/Users/danielcobb/Desktop/webdev/node/URL-Shortener/src/modules/shortener.js","s":{"1":1,"2":1,"3":1,"4":1,"5":1,"6":1,"7":1,"8":1,"9":1,"10":1,"11":1,"12":1,"13":1},"b":{},"f":{},"fnMap":{},"statementMap":{"1":{"start":{"line":8,"column":0},"end":{"line":8,"column":43}},"2":{"start":{"line":10,"column":0},"end":{"line":43,"column":2}},"3":{"start":{"line":12,"column":2},"end":{"line":12,"column":36}},"4":{"start":{"line":14,"column":2},"end":{"line":14,"column":28}},"5":{"start":{"line":16,"column":2},"end":{"line":16,"column":29}},"6":{"start":{"line":18,"column":2},"end":{"line":18,"column":35}},"7":{"start":{"line":20,"column":2},"end":{"line":20,"column":66}},"8":{"start":{"line":22,"column":2},"end":{"line":22,"column":30}},"9":{"start":{"line":23,"column":2},"end":{"line":23,"column":43}},"10":{"start":{"line":25,"column":2},"end":{"line":25,"column":36}},"11":{"start":{"line":27,"column":2},"end":{"line":32,"column":4}},"12":{"start":{"line":33,"column":2},"end":{"line":40,"column":5}},"13":{"start":{"line":42,"column":2},"end":{"line":42,"column":16}}},"branchMap":{}},"/Users/danielcobb/Desktop/webdev/node/URL-Shortener/src/models/url.js":{"path":"/Users/danielcobb/Desktop/webdev/node/URL-Shortener/src/models/url.js","s":{"1":1,"2":1,"3":1,"4":1,"5":1,"6":1,"7":2,"8":1,"9":2,"10":1,"11":1,"12":1,"13":1,"14":1,"15":1,"16":1,"17":1,"18":1},"b":{},"f":{},"fnMap":{},"statementMap":{"1":{"start":{"line":10,"column":0},"end":{"line":10,"column":30}},"2":{"start":{"line":13,"column":0},"end":{"line":15,"column":2}},"3":{"start":{"line":14,"column":2},"end":{"line":14,"column":47}},"4":{"start":{"line":17,"column":0},"end":{"line":19,"column":2}},"5":{"start":{"line":18,"column":2},"end":{"line":18,"column":48}},"6":{"start":{"line":21,"column":0},"end":{"line":31,"column":2}},"7":{"start":{"line":22,"column":2},"end":{"line":30,"column":27}},"8":{"start":{"line":34,"column":0},"end":{"line":44,"column":2}},"9":{"start":{"line":35,"column":2},"end":{"line":43,"column":27}},"10":{"start":{"line":46,"column":0},"end":{"line":56,"column":2}},"11":{"start":{"line":47,"column":2},"end":{"line":55,"column":27}},"12":{"start":{"line":59,"column":0},"end":{"line":61,"column":2}},"13":{"start":{"line":60,"column":2},"end":{"line":60,"column":41}},"14":{"start":{"line":64,"column":0},"end":{"line":74,"column":2}},"15":{"start":{"line":65,"column":2},"end":{"line":73,"column":27}},"16":{"start":{"line":76,"column":0},"end":{"line":84,"column":2}},"17":{"start":{"line":77,"column":2},"end":{"line":83,"column":16}},"18":{"start":{"line":82,"column":4},"end":{"line":82,"column":65}}},"branchMap":{}},"/Users/danielcobb/Desktop/webdev/node/URL-Shortener/src/routes/go.js":{"path":"/Users/danielcobb/Desktop/webdev/node/URL-Shortener/src/routes/go.js","s":{"1":1,"2":1,"3":2,"4":1,"5":1,"6":1,"7":1,"8":1,"9":1,"10":1,"11":0,"12":0,"13":1,"14":1,"15":0,"16":1,"17":1,"18":1,"19":1,"20":1,"21":0,"22":0,"23":1,"24":1,"25":0,"26":1},"b":{"1":[0,1],"2":[1,1],"3":[0,1],"4":[1,1]},"f":{"1":2},"fnMap":{"1":{"name":"(anonymous_1)","line":13,"loc":{"start":{"line":13,"column":13},"end":{"line":13,"column":20}}}},"statementMap":{"1":{"start":{"line":9,"column":0},"end":{"line":9,"column":40}},"2":{"start":{"line":10,"column":0},"end":{"line":10,"column":43}},"3":{"start":{"line":14,"column":4},"end":{"line":14,"column":19}},"4":{"start":{"line":18,"column":0},"end":{"line":115,"column":2}},"5":{"start":{"line":20,"column":2},"end":{"line":20,"column":34}},"6":{"start":{"line":22,"column":2},"end":{"line":66,"column":5}},"7":{"start":{"line":24,"column":4},"end":{"line":24,"column":45}},"8":{"start":{"line":26,"column":4},"end":{"line":65,"column":7}},"9":{"start":{"line":28,"column":6},"end":{"line":28,"column":30}},"10":{"start":{"line":30,"column":6},"end":{"line":52,"column":7}},"11":{"start":{"line":32,"column":8},"end":{"line":32,"column":29}},"12":{"start":{"line":33,"column":8},"end":{"line":40,"column":11}},"13":{"start":{"line":43,"column":8},"end":{"line":43,"column":41}},"14":{"start":{"line":44,"column":8},"end":{"line":51,"column":11}},"15":{"start":{"line":54,"column":6},"end":{"line":64,"column":9}},"16":{"start":{"line":69,"column":2},"end":{"line":113,"column":5}},"17":{"start":{"line":71,"column":4},"end":{"line":71,"column":46}},"18":{"start":{"line":73,"column":4},"end":{"line":112,"column":7}},"19":{"start":{"line":75,"column":6},"end":{"line":75,"column":30}},"20":{"start":{"line":77,"column":6},"end":{"line":99,"column":7}},"21":{"start":{"line":79,"column":8},"end":{"line":79,"column":29}},"22":{"start":{"line":80,"column":8},"end":{"line":87,"column":11}},"23":{"start":{"line":90,"column":8},"end":{"line":90,"column":41}},"24":{"start":{"line":91,"column":8},"end":{"line":98,"column":11}},"25":{"start":{"line":101,"column":6},"end":{"line":111,"column":9}},"26":{"start":{"line":114,"column":2},"end":{"line":114,"column":16}}},"branchMap":{"1":{"line":30,"type":"if","locations":[{"start":{"line":30,"column":6},"end":{"line":30,"column":6}},{"start":{"line":30,"column":6},"end":{"line":30,"column":6}}]},"2":{"line":30,"type":"binary-expr","locations":[{"start":{"line":30,"column":10},"end":{"line":30,"column":33}},{"start":{"line":30,"column":37},"end":{"line":30,"column":61}}]},"3":{"line":77,"type":"if","locations":[{"start":{"line":77,"column":6},"end":{"line":77,"column":6}},{"start":{"line":77,"column":6},"end":{"line":77,"column":6}}]},"4":{"line":77,"type":"binary-expr","locations":[{"start":{"line":77,"column":10},"end":{"line":77,"column":33}},{"start":{"line":77,"column":37},"end":{"line":77,"column":61}}]}}},"/Users/danielcobb/Desktop/webdev/node/URL-Shortener/src/routes/link.js":{"path":"/Users/danielcobb/Desktop/webdev/node/URL-Shortener/src/routes/link.js","s":{"1":1,"2":1,"3":1,"4":1,"5":1,"6":1,"7":1,"8":1,"9":1,"10":1,"11":0,"12":0,"13":1,"14":1,"15":0,"16":1},"b":{"1":[0,1],"2":[1,1]},"f":{"1":1},"fnMap":{"1":{"name":"(anonymous_1)","line":14,"loc":{"start":{"line":14,"column":15},"end":{"line":14,"column":22}}}},"statementMap":{"1":{"start":{"line":9,"column":0},"end":{"line":9,"column":40}},"2":{"start":{"line":10,"column":0},"end":{"line":10,"column":43}},"3":{"start":{"line":12,"column":0},"end":{"line":66,"column":2}},"4":{"start":{"line":15,"column":6},"end":{"line":15,"column":21}},"5":{"start":{"line":19,"column":2},"end":{"line":19,"column":34}},"6":{"start":{"line":22,"column":2},"end":{"line":64,"column":5}},"7":{"start":{"line":24,"column":4},"end":{"line":24,"column":46}},"8":{"start":{"line":26,"column":4},"end":{"line":63,"column":7}},"9":{"start":{"line":28,"column":6},"end":{"line":28,"column":30}},"10":{"start":{"line":30,"column":6},"end":{"line":52,"column":7}},"11":{"start":{"line":32,"column":8},"end":{"line":32,"column":29}},"12":{"start":{"line":33,"column":8},"end":{"line":40,"column":11}},"13":{"start":{"line":43,"column":8},"end":{"line":43,"column":41}},"14":{"start":{"line":44,"column":8},"end":{"line":51,"column":11}},"15":{"start":{"line":54,"column":6},"end":{"line":62,"column":9}},"16":{"start":{"line":65,"column":2},"end":{"line":65,"column":16}}},"branchMap":{"1":{"line":30,"type":"if","locations":[{"start":{"line":30,"column":6},"end":{"line":30,"column":6}},{"start":{"line":30,"column":6},"end":{"line":30,"column":6}}]},"2":{"line":30,"type":"binary-expr","locations":[{"start":{"line":30,"column":10},"end":{"line":30,"column":33}},{"start":{"line":30,"column":37},"end":{"line":30,"column":61}}]}}}}