TN:
SF:/Users/danielcobb/Desktop/webdev/node/URL-Shortener/src/modules/debug.js
FN:15,(anonymous_1)
FN:27,(anonymous_2)
FN:40,(anonymous_3)
FN:52,(anonymous_4)
FN:65,(anonymous_5)
FN:83,(anonymous_6)
FN:90,(anonymous_7)
FN:154,(anonymous_8)
FN:168,(anonymous_9)
FNF:9
FNH:9
FNDA:34,(anonymous_1)
FNDA:23,(anonymous_2)
FNDA:28,(anonymous_3)
FNDA:37,(anonymous_4)
FNDA:37,(anonymous_5)
FNDA:1,(anonymous_6)
FNDA:23,(anonymous_7)
FNDA:14,(anonymous_8)
FNDA:14,(anonymous_9)
DA:9,1
DA:10,1
DA:17,34
DA:19,34
DA:23,1
DA:29,23
DA:30,23
DA:31,23
DA:32,23
DA:33,23
DA:42,28
DA:46,1
DA:47,1
DA:48,1
DA:50,1
DA:54,37
DA:56,37
DA:57,37
DA:58,37
DA:60,37
DA:62,37
DA:67,37
DA:69,37
DA:70,37
DA:72,37
DA:73,37
DA:76,37
DA:78,37
DA:80,37
DA:85,1
DA:86,1
DA:91,23
DA:92,23
DA:93,23
DA:95,23
DA:97,23
DA:98,23
DA:100,23
DA:101,23
DA:102,23
DA:103,23
DA:105,23
DA:107,23
DA:109,0
DA:112,23
DA:113,23
DA:114,0
DA:116,0
DA:119,0
DA:122,23
DA:124,23
DA:126,23
DA:127,18
DA:130,23
DA:131,0
DA:134,23
DA:135,9
DA:138,23
DA:139,23
DA:140,23
DA:141,23
DA:144,23
DA:145,19
DA:146,19
DA:147,19
DA:156,14
DA:158,14
DA:160,3
DA:162,14
DA:163,14
DA:165,14
DA:169,14
DA:171,14
DA:172,14
DA:174,14
DA:175,0
DA:178,14
DA:180,14
DA:182,14
DA:183,13
LF:80
LH:74
BRDA:72,1,0,37
BRDA:72,1,1,0
BRDA:85,2,0,1
BRDA:85,2,1,0
BRDA:95,3,0,23
BRDA:95,3,1,0
BRDA:107,4,0,0
BRDA:107,4,1,23
BRDA:107,5,0,23
BRDA:107,5,1,18
BRDA:107,5,2,0
BRDA:112,6,0,23
BRDA:112,6,1,0
BRDA:114,7,0,0
BRDA:114,7,1,0
BRDA:126,8,0,18
BRDA:126,8,1,5
BRDA:126,9,0,23
BRDA:126,9,1,18
BRDA:130,10,0,0
BRDA:130,10,1,23
BRDA:134,11,0,9
BRDA:134,11,1,14
BRDA:145,12,0,0
BRDA:145,12,1,19
BRDA:146,13,0,19
BRDA:146,13,1,0
BRDA:158,14,0,3
BRDA:158,14,1,11
BRDA:162,15,0,14
BRDA:162,15,1,0
BRDA:162,16,0,14
BRDA:162,16,1,14
BRDA:174,17,0,0
BRDA:174,17,1,14
BRDA:178,18,0,14
BRDA:178,18,1,0
BRDA:178,19,0,14
BRDA:178,19,1,14
BRDA:183,20,0,0
BRDA:183,20,1,13
BRF:41
BRH:26
end_of_record
TN:
SF:/Users/danielcobb/Desktop/webdev/node/URL-Shortener/src/models/db.js
FNF:0
FNH:0
DA:10,1
DA:12,1
DA:14,1
DA:28,1
DA:51,1
DA:74,1
DA:77,1
DA:78,1
DA:79,1
LF:9
LH:9
BRF:0
BRH:0
end_of_record
TN:
SF:/Users/danielcobb/Desktop/webdev/node/URL-Shortener/src/server.js
FNF:0
FNH:0
DA:10,1
DA:12,1
DA:13,1
DA:14,1
DA:16,1
DA:19,1
DA:20,1
DA:25,1
DA:27,1
DA:29,1
DA:32,1
DA:33,1
DA:38,1
DA:39,1
LF:14
LH:14
BRF:0
BRH:0
end_of_record
TN:
SF:/Users/danielcobb/Desktop/webdev/node/URL-Shortener/src/routes/app.js
FN:16,(anonymous_1)
FN:21,(anonymous_2)
FNF:2
FNH:2
FNDA:3,(anonymous_1)
FNDA:1,(anonymous_2)
DA:10,1
DA:12,1
DA:14,1
DA:17,3
DA:22,1
DA:23,1
DA:27,1
DA:30,1
DA:32,1
DA:34,1
DA:35,1
DA:44,0
DA:45,0
DA:46,0
DA:58,1
DA:59,1
DA:61,1
DA:63,1
DA:64,1
DA:76,0
DA:77,0
DA:78,0
DA:90,1
DA:91,1
DA:93,1
DA:95,1
DA:96,1
DA:108,0
DA:109,0
DA:120,1
DA:121,1
DA:123,1
DA:125,1
DA:126,1
DA:138,0
DA:139,0
DA:140,0
DA:152,1
DA:154,1
DA:156,1
DA:157,1
DA:158,1
DA:159,1
DA:171,0
DA:172,0
DA:173,0
DA:186,1
DA:188,1
DA:190,1
DA:191,0
DA:192,0
DA:202,1
DA:203,1
DA:204,1
DA:218,1
DA:220,1
DA:221,1
DA:222,1
DA:224,1
DA:226,1
DA:228,1
DA:230,1
DA:236,1
DA:237,1
DA:238,1
DA:239,1
DA:251,0
DA:252,0
DA:253,0
DA:265,1
LF:70
LH:51
BRF:0
BRH:0
end_of_record
TN:
SF:/Users/danielcobb/Desktop/webdev/node/URL-Shortener/src/modules/shortener.js
FNF:0
FNH:0
DA:8,1
DA:10,1
DA:12,1
DA:14,1
DA:16,1
DA:18,1
DA:20,1
DA:22,1
DA:23,1
DA:25,1
DA:27,1
DA:33,1
DA:42,1
LF:13
LH:13
BRF:0
BRH:0
end_of_record
TN:
SF:/Users/danielcobb/Desktop/webdev/node/URL-Shortener/src/models/url.js
FNF:0
FNH:0
DA:10,1
DA:13,1
DA:14,1
DA:17,1
DA:18,1
DA:21,1
DA:22,2
DA:34,1
DA:35,2
DA:46,1
DA:47,1
DA:59,1
DA:60,1
DA:64,1
DA:65,1
DA:76,1
DA:77,1
DA:82,1
LF:18
LH:18
BRF:0
BRH:0
end_of_record
TN:
SF:/Users/danielcobb/Desktop/webdev/node/URL-Shortener/src/routes/go.js
FN:13,(anonymous_1)
FNF:1
FNH:1
FNDA:2,(anonymous_1)
DA:9,1
DA:10,1
DA:14,2
DA:18,1
DA:20,1
DA:22,1
DA:24,1
DA:26,1
DA:28,1
DA:30,1
DA:32,0
DA:33,0
DA:43,1
DA:44,1
DA:54,0
DA:69,1
DA:71,1
DA:73,1
DA:75,1
DA:77,1
DA:79,0
DA:80,0
DA:90,1
DA:91,1
DA:101,0
DA:114,1
LF:26
LH:20
BRDA:30,1,0,0
BRDA:30,1,1,1
BRDA:30,2,0,1
BRDA:30,2,1,1
BRDA:77,3,0,0
BRDA:77,3,1,1
BRDA:77,4,0,1
BRDA:77,4,1,1
BRF:8
BRH:6
end_of_record
TN:
SF:/Users/danielcobb/Desktop/webdev/node/URL-Shortener/src/routes/link.js
FN:14,(anonymous_1)
FNF:1
FNH:1
FNDA:1,(anonymous_1)
DA:9,1
DA:10,1
DA:12,1
DA:15,1
DA:19,1
DA:22,1
DA:24,1
DA:26,1
DA:28,1
DA:30,1
DA:32,0
DA:33,0
DA:43,1
DA:44,1
DA:54,0
DA:65,1
LF:16
LH:13
BRDA:30,1,0,0
BRDA:30,1,1,1
BRDA:30,2,0,1
BRDA:30,2,1,1
BRF:4
BRH:3
end_of_record
